Determining if the pthread_create exist failed with the following output:
Change Dir: /home/chinmaya/OpticSLAM/ORBSLAM_MapSave_Stereo/CMakeFiles/CMakeTmp

Run Build Command:"/usr/bin/make" "cmTC_78bbd/fast"
/usr/bin/make -f CMakeFiles/cmTC_78bbd.dir/build.make CMakeFiles/cmTC_78bbd.dir/build
make[1]: Entering directory '/home/chinmaya/OpticSLAM/ORBSLAM_MapSave_Stereo/CMakeFiles/CMakeTmp'
Building C object CMakeFiles/cmTC_78bbd.dir/CheckSymbolExists.c.o
/usr/bin/cc    -fPIC    -o CMakeFiles/cmTC_78bbd.dir/CheckSymbolExists.c.o   -c /home/chinmaya/OpticSLAM/ORBSLAM_MapSave_Stereo/CMakeFiles/CMakeTmp/CheckSymbolExists.c
Linking C executable cmTC_78bbd
/usr/bin/cmake -E cmake_link_script CMakeFiles/cmTC_78bbd.dir/link.txt --verbose=1
/usr/bin/cc  -fPIC     CMakeFiles/cmTC_78bbd.dir/CheckSymbolExists.c.o  -o cmTC_78bbd -rdynamic 
CMakeFiles/cmTC_78bbd.dir/CheckSymbolExists.c.o: In function `main':
CheckSymbolExists.c:(.text+0x1b): undefined reference to `pthread_create'
collect2: error: ld returned 1 exit status
CMakeFiles/cmTC_78bbd.dir/build.make:97: recipe for target 'cmTC_78bbd' failed
make[1]: *** [cmTC_78bbd] Error 1
make[1]: Leaving directory '/home/chinmaya/OpticSLAM/ORBSLAM_MapSave_Stereo/CMakeFiles/CMakeTmp'
Makefile:126: recipe for target 'cmTC_78bbd/fast' failed
make: *** [cmTC_78bbd/fast] Error 2

File /home/chinmaya/OpticSLAM/ORBSLAM_MapSave_Stereo/CMakeFiles/CMakeTmp/CheckSymbolExists.c:
/* */
#include <pthread.h>

int main(int argc, char** argv)
{
  (void)argv;
#ifndef pthread_create
  return ((int*)(&pthread_create))[argc];
#else
  (void)argc;
  return 0;
#endif
}

Determining if the function pthread_create exists in the pthreads failed with the following output:
Change Dir: /home/chinmaya/OpticSLAM/ORBSLAM_MapSave_Stereo/CMakeFiles/CMakeTmp

Run Build Command:"/usr/bin/make" "cmTC_3106a/fast"
/usr/bin/make -f CMakeFiles/cmTC_3106a.dir/build.make CMakeFiles/cmTC_3106a.dir/build
make[1]: Entering directory '/home/chinmaya/OpticSLAM/ORBSLAM_MapSave_Stereo/CMakeFiles/CMakeTmp'
Building C object CMakeFiles/cmTC_3106a.dir/CheckFunctionExists.c.o
/usr/bin/cc    -fPIC -DCHECK_FUNCTION_EXISTS=pthread_create   -o CMakeFiles/cmTC_3106a.dir/CheckFunctionExists.c.o   -c /usr/share/cmake-3.5/Modules/CheckFunctionExists.c
Linking C executable cmTC_3106a
/usr/bin/cmake -E cmake_link_script CMakeFiles/cmTC_3106a.dir/link.txt --verbose=1
/usr/bin/cc  -fPIC -DCHECK_FUNCTION_EXISTS=pthread_create    CMakeFiles/cmTC_3106a.dir/CheckFunctionExists.c.o  -o cmTC_3106a -rdynamic -lpthreads 
/usr/bin/ld: cannot find -lpthreads
collect2: error: ld returned 1 exit status
CMakeFiles/cmTC_3106a.dir/build.make:97: recipe for target 'cmTC_3106a' failed
make[1]: *** [cmTC_3106a] Error 1
make[1]: Leaving directory '/home/chinmaya/OpticSLAM/ORBSLAM_MapSave_Stereo/CMakeFiles/CMakeTmp'
Makefile:126: recipe for target 'cmTC_3106a/fast' failed
make: *** [cmTC_3106a/fast] Error 2


